#
# A fatal error has been detected by the Java Runtime Environment:
#
#  Internal Error (javaClasses.cpp:127), pid=6848, tid=7140
#  fatal error: Invalid layout of preloaded class
#
# JRE version:  (8.0_45-b15) (build )
# Java VM: Java HotSpot(TM) Client VM (25.45-b02 mixed mode windows-x86 )
# Failed to write core dump. Minidumps are not enabled by default on client versions of Windows
#
# If you would like to submit a bug report, please visit:
#   http://bugreport.java.com/bugreport/crash.jsp
#

---------------  T H R E A D  ---------------

Current thread (0x0255c800):  JavaThread "Unknown thread" [_thread_in_vm, id=7140, stack(0x023c0000,0x02410000)]

Stack: [0x023c0000,0x02410000],  sp=0x0240f438,  free space=317k
Native frames: (J=compiled Java code, j=interpreted, Vv=VM code, C=native code)
V  [jvm.dll+0x1a4f8b]
V  [jvm.dll+0x19d846]
V  [jvm.dll+0x42269]
V  [jvm.dll+0x4241e]
V  [jvm.dll+0x5193e]
V  [jvm.dll+0xa86ae]
V  [jvm.dll+0xa8972]
V  [jvm.dll+0x154631]
V  [jvm.dll+0x17869b]
V  [jvm.dll+0xe51a1]
C  [javaw.exe+0x14d3]
C  [javaw.exe+0x2047]
C  [javaw.exe+0xadff]
C  [javaw.exe+0xae89]
C  [kernel32.dll+0x1336a]
C  [ntdll.dll+0x39902]
C  [ntdll.dll+0x398d5]
C  0x00000000


---------------  P R O C E S S  ---------------

Java Threads: ( => current thread )

Other Threads:

=>0x0255c800 (exited) JavaThread "Unknown thread" [_thread_in_vm, id=7140, stack(0x023c0000,0x02410000)]

VM state:not at safepoint (not fully initialized)

VM Mutex/Monitor currently owned by a thread: None

GC Heap History (0 events):
No events

Deoptimization events (0 events):
No events

Internal exceptions (0 events):
No events

Events (10 events):
Event: 0.267 loading class java/lang/CharSequence done
Event: 0.269 loading class java/lang/String done
Event: 0.269 loading class java/lang/Class
Event: 0.269 loading class java/lang/reflect/AnnotatedElement
Event: 0.269 loading class java/lang/reflect/AnnotatedElement done
Event: 0.269 loading class java/lang/reflect/GenericDeclaration
Event: 0.269 loading class java/lang/reflect/GenericDeclaration done
Event: 0.269 loading class java/lang/reflect/Type
Event: 0.269 loading class java/lang/reflect/Type done
Event: 0.269 loading class java/lang/Class done


Dynamic libraries:
0x00210000 - 0x00243000 	D:\Java8\jdk1.8.0_45\bin\javaw.exe
0x77180000 - 0x77300000 	C:\Windows\SysWOW64\ntdll.dll
0x76400000 - 0x76510000 	C:\Windows\syswow64\kernel32.dll
0x74fe0000 - 0x75027000 	C:\Windows\syswow64\KERNELBASE.dll
0x76530000 - 0x765d1000 	C:\Windows\syswow64\ADVAPI32.dll
0x754f0000 - 0x7559c000 	C:\Windows\syswow64\msvcrt.dll
0x76510000 - 0x76529000 	C:\Windows\SysWOW64\sechost.dll
0x75400000 - 0x754f0000 	C:\Windows\syswow64\RPCRT4.dll
0x74c70000 - 0x74cd0000 	C:\Windows\syswow64\SspiCli.dll
0x74c60000 - 0x74c6c000 	C:\Windows\syswow64\CRYPTBASE.dll
0x755d0000 - 0x756d0000 	C:\Windows\syswow64\USER32.dll
0x75060000 - 0x750f0000 	C:\Windows\syswow64\GDI32.dll
0x76d10000 - 0x76d1a000 	C:\Windows\syswow64\LPK.dll
0x767e0000 - 0x7687d000 	C:\Windows\syswow64\USP10.dll
0x74540000 - 0x746de000 	C:\Windows\WinSxS\x86_microsoft.windows.common-controls_6595b64144ccf1df_6.0.7601.17514_none_41e6975e2bd6f2b2\COMCTL32.dll
0x76c60000 - 0x76cb7000 	C:\Windows\syswow64\SHLWAPI.dll
0x76b50000 - 0x76bb0000 	C:\Windows\system32\IMM32.DLL
0x76670000 - 0x7673c000 	C:\Windows\syswow64\MSCTF.dll
0x62ee0000 - 0x62f9f000 	D:\Java8\jdk1.8.0_45\jre\bin\msvcr100.dll
0x62b20000 - 0x62ee0000 	D:\Java8\jdk1.8.0_45\jre\bin\client\jvm.dll
0x72340000 - 0x72347000 	C:\Windows\system32\WSOCK32.dll
0x76cc0000 - 0x76cf5000 	C:\Windows\syswow64\WS2_32.dll
0x77150000 - 0x77156000 	C:\Windows\syswow64\NSI.dll
0x747e0000 - 0x74812000 	C:\Windows\system32\WINMM.dll
0x74b80000 - 0x74b89000 	C:\Windows\system32\VERSION.dll
0x76d20000 - 0x76d25000 	C:\Windows\syswow64\PSAPI.DLL
0x68ec0000 - 0x68ecc000 	D:\Java8\jdk1.8.0_45\jre\bin\verify.dll
0x68e90000 - 0x68eb1000 	D:\Java8\jdk1.8.0_45\jre\bin\java.dll
0x68e70000 - 0x68e83000 	D:\Java8\jdk1.8.0_45\jre\bin\zip.dll
0x72b80000 - 0x72c6b000 	C:\Windows\system32\dbghelp.dll

VM Arguments:
jvm_args: -Dfile.encoding=gbk -Xbootclasspath/p:E:\sdk\sdk\adt-bundle-windows-x86_64_with_Android_5.0\sdk\platforms\android-18\android.jar 
java_command: com.xpp.moblie.util.HttpUtil
java_class_path (initial): D:\workspace\XPPMobileTerminal\libs\baidumapapi_v3_2_0.jar;D:\workspace\XPPMobileTerminal\libs\ormlite-core-4.25.jar;D:\workspace\XPPMobileTerminal\libs\locSDK_5.01.jar;D:\workspace\XPPMobileTerminal\libs\gesture-imageview.jar;D:\workspace\XPPMobileTerminal\libs\core.jar;D:\workspace\XPPMobileTerminal\libs\libammsdk.jar;D:\workspace\XPPMobileTerminal\libs\ormlite-android-4.25.jar;D:\workspace\XPPMobileTerminal\libs\android-support-v4.jar;D:\workspace\XPPMobileTerminal\libs\gson-2.2.4.jar;D:\workspace\XPPMobileTerminal\libs\pinyin4j-2.5.0.jar;D:\workspace\XPPMobileTerminal\bin\classes
Launcher Type: SUN_STANDARD

Environment Variables:
JAVA_HOME=D:\Java\jdk1.6.0_45\
CLASSPATH=.;D:\Java\jdk1.6.0_45\\lib\dt.jar;D:\Java\jdk1.6.0_45\\lib\tools.jar;
PATH=D:/Java/jdk1.6.0_45//bin/../jre/bin/server;D:/Java/jdk1.6.0_45//bin/../jre/bin;D:/Java/jdk1.6.0_45//bin/../jre/lib/amd64;D:\oraclexe\app\oracle\product\10.2.0\server\bin;C:\Windows\system32;C:\Windows;C:\Windows\System32\Wbem;C:\Windows\System32\WindowsPowerShell\v1.0\;D:\Java\jdk1.6.0_45\\bin;D:\Java\jdk1.6.0_45\\jre\bin;D:\Git\bin;D:\eclipse;
USERNAME=Administrator
OS=Windows_NT
PROCESSOR_IDENTIFIER=Intel64 Family 6 Model 23 Stepping 10, GenuineIntel



---------------  S Y S T E M  ---------------

OS: Windows 7 , 64 bit Build 7601 (6.1.7601.23796)

CPU:total 2 (2 cores per cpu, 1 threads per core) family 6 model 23 stepping 10, cmov, cx8, fxsr, mmx, sse, sse2, sse3, ssse3, tsc

Memory: 4k page, physical 4091544k(275912k free), swap 8181228k(1731216k free)

vm_info: Java HotSpot(TM) Client VM (25.45-b02) for windows-x86 JRE (1.8.0_45-b15), built on Apr 30 2015 12:31:00 by "java_re" with MS VC++ 10.0 (VS2010)

time: Fri Jun 09 13:40:38 2017
elapsed time: 0 seconds (0d 0h 0m 0s)

